<?xml version="1.0" encoding="UTF-8"?>
<!-- Generated by org.testng.reporters.JUnitXMLReporter -->
<testsuite ignored="0" hostname="DESKTOP-6SHDL3O" failures="0" tests="3" name="Default test" time="98.039" errors="0" timestamp="2023-04-05T14:38:47 IST">
  <testcase classname="vtiger.Organization.Tests.CreateMultipleOrgTest" name="createOrgTest" time="20.119"/>
  <testcase classname="vtiger.Organization.Tests.CreateMultipleOrgTest" name="createOrgTest" time="19.164"/>
  <testcase classname="vtiger.Organization.Tests.CreateMultipleOrgTest" name="createOrgTest" time="20.966"/>
</testsuite> <!-- Default test -->
