<?xml version="1.0" encoding="UTF-8"?>
<testng-results ignored="0" total="3" passed="3" failed="0" skipped="0">
  <reporter-output>
  </reporter-output>
  <suite started-at="2023-04-05T14:37:08 IST" name="Default suite" finished-at="2023-04-05T14:38:46 IST" duration-ms="98039">
    <groups>
    </groups>
    <test started-at="2023-04-05T14:37:08 IST" name="Default test" finished-at="2023-04-05T14:38:46 IST" duration-ms="98039">
      <class name="vtiger.Organization.Tests.CreateMultipleOrgTest">
        <test-method is-config="true" signature="bsConfig()[pri:0, instance:vtiger.Organization.Tests.CreateMultipleOrgTest@399f45b1]" started-at="2023-04-05T14:37:08 IST" name="bsConfig" finished-at="2023-04-05T14:37:08 IST" duration-ms="17" status="PASS">
          <reporter-output>
          </reporter-output>
        </test-method> <!-- bsConfig -->
        <test-method is-config="true" signature="bcConfig()[pri:0, instance:vtiger.Organization.Tests.CreateMultipleOrgTest@399f45b1]" started-at="2023-04-05T14:37:09 IST" name="bcConfig" finished-at="2023-04-05T14:37:20 IST" duration-ms="10492" status="PASS">
          <reporter-output>
          </reporter-output>
        </test-method> <!-- bcConfig -->
        <test-method is-config="true" signature="bmConfig()[pri:0, instance:vtiger.Organization.Tests.CreateMultipleOrgTest@399f45b1]" started-at="2023-04-05T14:37:21 IST" name="bmConfig" finished-at="2023-04-05T14:37:26 IST" duration-ms="5104" status="PASS">
          <reporter-output>
          </reporter-output>
        </test-method> <!-- bmConfig -->
        <test-method signature="createOrgTest(java.lang.String,java.lang.String)[pri:0, instance:vtiger.Organization.Tests.CreateMultipleOrgTest@399f45b1]" started-at="2023-04-05T14:37:26 IST" name="createOrgTest" data-provider="OrgWithIndustry" finished-at="2023-04-05T14:37:46 IST" duration-ms="20119" status="PASS">
          <params>
            <param index="0">
              <value>
                <![CDATA[Wipro]]>
              </value>
            </param>
            <param index="1">
              <value>
                <![CDATA[Healthcare]]>
              </value>
            </param>
          </params>
          <reporter-output>
          </reporter-output>
        </test-method> <!-- createOrgTest -->
        <test-method is-config="true" signature="amConfig()[pri:0, instance:vtiger.Organization.Tests.CreateMultipleOrgTest@399f45b1]" started-at="2023-04-05T14:37:46 IST" name="amConfig" finished-at="2023-04-05T14:37:49 IST" duration-ms="2763" status="PASS">
          <reporter-output>
          </reporter-output>
        </test-method> <!-- amConfig -->
        <test-method is-config="true" signature="bmConfig()[pri:0, instance:vtiger.Organization.Tests.CreateMultipleOrgTest@399f45b1]" started-at="2023-04-05T14:37:49 IST" name="bmConfig" finished-at="2023-04-05T14:37:54 IST" duration-ms="4572" status="PASS">
          <reporter-output>
          </reporter-output>
        </test-method> <!-- bmConfig -->
        <test-method signature="createOrgTest(java.lang.String,java.lang.String)[pri:0, instance:vtiger.Organization.Tests.CreateMultipleOrgTest@399f45b1]" started-at="2023-04-05T14:37:54 IST" name="createOrgTest" data-provider="OrgWithIndustry" finished-at="2023-04-05T14:38:13 IST" duration-ms="19164" status="PASS">
          <params>
            <param index="0">
              <value>
                <![CDATA[TCS]]>
              </value>
            </param>
            <param index="1">
              <value>
                <![CDATA[Engineering]]>
              </value>
            </param>
          </params>
          <reporter-output>
          </reporter-output>
        </test-method> <!-- createOrgTest -->
        <test-method is-config="true" signature="amConfig()[pri:0, instance:vtiger.Organization.Tests.CreateMultipleOrgTest@399f45b1]" started-at="2023-04-05T14:38:13 IST" name="amConfig" finished-at="2023-04-05T14:38:16 IST" duration-ms="2599" status="PASS">
          <reporter-output>
          </reporter-output>
        </test-method> <!-- amConfig -->
        <test-method is-config="true" signature="bmConfig()[pri:0, instance:vtiger.Organization.Tests.CreateMultipleOrgTest@399f45b1]" started-at="2023-04-05T14:38:16 IST" name="bmConfig" finished-at="2023-04-05T14:38:20 IST" duration-ms="4698" status="PASS">
          <reporter-output>
          </reporter-output>
        </test-method> <!-- bmConfig -->
        <test-method signature="createOrgTest(java.lang.String,java.lang.String)[pri:0, instance:vtiger.Organization.Tests.CreateMultipleOrgTest@399f45b1]" started-at="2023-04-05T14:38:20 IST" name="createOrgTest" data-provider="OrgWithIndustry" finished-at="2023-04-05T14:38:41 IST" duration-ms="20966" status="PASS">
          <params>
            <param index="0">
              <value>
                <![CDATA[ISRO]]>
              </value>
            </param>
            <param index="1">
              <value>
                <![CDATA[Technology]]>
              </value>
            </param>
          </params>
          <reporter-output>
          </reporter-output>
        </test-method> <!-- createOrgTest -->
        <test-method is-config="true" signature="amConfig()[pri:0, instance:vtiger.Organization.Tests.CreateMultipleOrgTest@399f45b1]" started-at="2023-04-05T14:38:41 IST" name="amConfig" finished-at="2023-04-05T14:38:44 IST" duration-ms="2983" status="PASS">
          <reporter-output>
          </reporter-output>
        </test-method> <!-- amConfig -->
        <test-method is-config="true" signature="acConfig()[pri:0, instance:vtiger.Organization.Tests.CreateMultipleOrgTest@399f45b1]" started-at="2023-04-05T14:38:44 IST" name="acConfig" finished-at="2023-04-05T14:38:46 IST" duration-ms="2239" status="PASS">
          <reporter-output>
          </reporter-output>
        </test-method> <!-- acConfig -->
        <test-method is-config="true" signature="asConfig()[pri:0, instance:vtiger.Organization.Tests.CreateMultipleOrgTest@399f45b1]" started-at="2023-04-05T14:38:47 IST" name="asConfig" finished-at="2023-04-05T14:38:47 IST" duration-ms="1" status="PASS">
          <reporter-output>
          </reporter-output>
        </test-method> <!-- asConfig -->
      </class> <!-- vtiger.Organization.Tests.CreateMultipleOrgTest -->
    </test> <!-- Default test -->
  </suite> <!-- Default suite -->
</testng-results>
